Determining if the pthread_create exist failed with the following output:
Change Dir: /home/nvidia/catkin_ws/build/CMakeFiles/CMakeTmp

Run Build Command:"/usr/bin/make" "cmTC_91c0d/fast"
/usr/bin/make -f CMakeFiles/cmTC_91c0d.dir/build.make CMakeFiles/cmTC_91c0d.dir/build
make[1]: Entering directory '/home/nvidia/catkin_ws/build/CMakeFiles/CMakeTmp'
Building C object CMakeFiles/cmTC_91c0d.dir/CheckSymbolExists.c.o
/usr/bin/cc     -o CMakeFiles/cmTC_91c0d.dir/CheckSymbolExists.c.o   -c /home/nvidia/catkin_ws/build/CMakeFiles/CMakeTmp/CheckSymbolExists.c
Linking C executable cmTC_91c0d
/usr/bin/cmake -E cmake_link_script CMakeFiles/cmTC_91c0d.dir/link.txt --verbose=1
/usr/bin/cc       CMakeFiles/cmTC_91c0d.dir/CheckSymbolExists.c.o  -o cmTC_91c0d -rdynamic 
CMakeFiles/cmTC_91c0d.dir/CheckSymbolExists.c.o: In function `main':
CheckSymbolExists.c:(.text+0x14): undefined reference to `pthread_create'
CheckSymbolExists.c:(.text+0x18): undefined reference to `pthread_create'
collect2: error: ld returned 1 exit status
CMakeFiles/cmTC_91c0d.dir/build.make:97: recipe for target 'cmTC_91c0d' failed
make[1]: *** [cmTC_91c0d] Error 1
make[1]: Leaving directory '/home/nvidia/catkin_ws/build/CMakeFiles/CMakeTmp'
Makefile:126: recipe for target 'cmTC_91c0d/fast' failed
make: *** [cmTC_91c0d/fast] Error 2

File /home/nvidia/catkin_ws/build/CMakeFiles/CMakeTmp/CheckSymbolExists.c:
/* */
#include <pthread.h>

int main(int argc, char** argv)
{
  (void)argv;
#ifndef pthread_create
  return ((int*)(&pthread_create))[argc];
#else
  (void)argc;
  return 0;
#endif
}

Determining if the function pthread_create exists in the pthreads failed with the following output:
Change Dir: /home/nvidia/catkin_ws/build/CMakeFiles/CMakeTmp

Run Build Command:"/usr/bin/make" "cmTC_c0e8f/fast"
/usr/bin/make -f CMakeFiles/cmTC_c0e8f.dir/build.make CMakeFiles/cmTC_c0e8f.dir/build
make[1]: Entering directory '/home/nvidia/catkin_ws/build/CMakeFiles/CMakeTmp'
Building C object CMakeFiles/cmTC_c0e8f.dir/CheckFunctionExists.c.o
/usr/bin/cc    -DCHECK_FUNCTION_EXISTS=pthread_create   -o CMakeFiles/cmTC_c0e8f.dir/CheckFunctionExists.c.o   -c /usr/share/cmake-3.5/Modules/CheckFunctionExists.c
Linking C executable cmTC_c0e8f
/usr/bin/cmake -E cmake_link_script CMakeFiles/cmTC_c0e8f.dir/link.txt --verbose=1
/usr/bin/cc   -DCHECK_FUNCTION_EXISTS=pthread_create    CMakeFiles/cmTC_c0e8f.dir/CheckFunctionExists.c.o  -o cmTC_c0e8f -rdynamic -lpthreads 
/usr/bin/ld: cannot find -lpthreads
collect2: error: ld returned 1 exit status
CMakeFiles/cmTC_c0e8f.dir/build.make:97: recipe for target 'cmTC_c0e8f' failed
make[1]: *** [cmTC_c0e8f] Error 1
make[1]: Leaving directory '/home/nvidia/catkin_ws/build/CMakeFiles/CMakeTmp'
Makefile:126: recipe for target 'cmTC_c0e8f/fast' failed
make: *** [cmTC_c0e8f/fast] Error 2


Determining if the include file pgm.h exists failed with the following output:
Change Dir: /home/nvidia/catkin_ws/build/CMakeFiles/CMakeTmp

Run Build Command:"/usr/bin/make" "cmTC_6a43c/fast"
make[1]: Entering directory '/home/nvidia/catkin_ws/build/CMakeFiles/CMakeTmp'
/usr/bin/make -f CMakeFiles/cmTC_6a43c.dir/build.make CMakeFiles/cmTC_6a43c.dir/build
make[2]: Entering directory '/home/nvidia/catkin_ws/build/CMakeFiles/CMakeTmp'
Building CXX object CMakeFiles/cmTC_6a43c.dir/CheckIncludeFile.cxx.o
/usr/bin/c++      -o CMakeFiles/cmTC_6a43c.dir/CheckIncludeFile.cxx.o -c /home/nvidia/catkin_ws/build/CMakeFiles/CMakeTmp/CheckIncludeFile.cxx
/home/nvidia/catkin_ws/build/CMakeFiles/CMakeTmp/CheckIncludeFile.cxx:1:17: fatal error: pgm.h: No such file or directory
compilation terminated.
CMakeFiles/cmTC_6a43c.dir/build.make:65: recipe for target 'CMakeFiles/cmTC_6a43c.dir/CheckIncludeFile.cxx.o' failed
make[2]: *** [CMakeFiles/cmTC_6a43c.dir/CheckIncludeFile.cxx.o] Error 1
make[2]: Leaving directory '/home/nvidia/catkin_ws/build/CMakeFiles/CMakeTmp'
Makefile:126: recipe for target 'cmTC_6a43c/fast' failed
make[1]: *** [cmTC_6a43c/fast] Error 2
make[1]: Leaving directory '/home/nvidia/catkin_ws/build/CMakeFiles/CMakeTmp'


